2023-11-06T11:52:37.413Z [error]: Expected ',' or ']' after array element in JSON at position 164
2023-11-06T12:01:15.649Z [error]: Bad control character in string literal in JSON at position 153
6/11/2023, 6:35:05 pm [error]: Expected ',' or ']' after array element in JSON at position 66
2023-11-07T03:47:25.490Z [error]: Unexpected non-whitespace character after JSON at position 52
2023-11-08T10:54:13.632Z [error]: Expected ',' or ']' after array element in JSON at position 155
2024-01-30T08:24:54.142Z [error]: Cannot read properties of undefined (reading '_id')
2024-01-30T08:30:42.563Z [error]: Cannot read properties of undefined (reading '_id')
2024-01-30T08:31:40.814Z [error]: Cannot read properties of undefined (reading '_id')
2024-01-30T10:01:31.174Z [error]: Cannot read properties of undefined (reading '_id')
2024-01-30T10:02:02.947Z [error]: Cannot read properties of undefined (reading '_id')
2024-01-30T10:02:23.823Z [error]: Cannot read properties of undefined (reading '_id')
2024-01-30T10:02:27.459Z [error]: Cannot read properties of undefined (reading '_id')
2024-01-30T10:07:47.483Z [error]: Cannot read properties of undefined (reading '_id')
2024-01-30T10:14:19.808Z [error]: Cannot read properties of undefined (reading '_id')
2024-01-30T10:16:26.129Z [error]: Cannot read properties of undefined (reading '_id')
2024-01-30T10:17:47.294Z [error]: Cannot read properties of undefined (reading '_id')
2024-01-30T10:36:15.607Z [error]: Cannot read properties of undefined (reading '_id')
2024-01-30T10:37:45.092Z [error]: Cannot read properties of undefined (reading '_id')
2024-01-30T10:37:57.290Z [error]: Cannot read properties of undefined (reading '_id')
2024-01-30T10:39:37.122Z [error]: Cannot read properties of undefined (reading '_id')
